Determining if the pthread_create exist failed with the following output:
Change Dir: /home/martin/catkin_ws/build/CMakeFiles/CMakeTmp

Run Build Command:"/usr/bin/make" "cmTC_890fe/fast"
/usr/bin/make -f CMakeFiles/cmTC_890fe.dir/build.make CMakeFiles/cmTC_890fe.dir/build
make[1]: Entering directory '/home/martin/catkin_ws/build/CMakeFiles/CMakeTmp'
Building C object CMakeFiles/cmTC_890fe.dir/CheckSymbolExists.c.o
/usr/bin/cc    -o CMakeFiles/cmTC_890fe.dir/CheckSymbolExists.c.o   -c /home/martin/catkin_ws/build/CMakeFiles/CMakeTmp/CheckSymbolExists.c
Linking C executable cmTC_890fe
/usr/bin/cmake -E cmake_link_script CMakeFiles/cmTC_890fe.dir/link.txt --verbose=1
/usr/bin/cc      -rdynamic CMakeFiles/cmTC_890fe.dir/CheckSymbolExists.c.o  -o cmTC_890fe 
CMakeFiles/cmTC_890fe.dir/CheckSymbolExists.c.o: In function `main':
CheckSymbolExists.c:(.text+0x1b): undefined reference to `pthread_create'
collect2: error: ld returned 1 exit status
CMakeFiles/cmTC_890fe.dir/build.make:97: recipe for target 'cmTC_890fe' failed
make[1]: *** [cmTC_890fe] Error 1
make[1]: Leaving directory '/home/martin/catkin_ws/build/CMakeFiles/CMakeTmp'
Makefile:126: recipe for target 'cmTC_890fe/fast' failed
make: *** [cmTC_890fe/fast] Error 2

File /home/martin/catkin_ws/build/CMakeFiles/CMakeTmp/CheckSymbolExists.c:
/* */
#include <pthread.h>

int main(int argc, char** argv)
{
  (void)argv;
#ifndef pthread_create
  return ((int*)(&pthread_create))[argc];
#else
  (void)argc;
  return 0;
#endif
}

Determining if the function pthread_create exists in the pthreads failed with the following output:
Change Dir: /home/martin/catkin_ws/build/CMakeFiles/CMakeTmp

Run Build Command:"/usr/bin/make" "cmTC_d23be/fast"
/usr/bin/make -f CMakeFiles/cmTC_d23be.dir/build.make CMakeFiles/cmTC_d23be.dir/build
make[1]: Entering directory '/home/martin/catkin_ws/build/CMakeFiles/CMakeTmp'
Building C object CMakeFiles/cmTC_d23be.dir/CheckFunctionExists.c.o
/usr/bin/cc   -DCHECK_FUNCTION_EXISTS=pthread_create   -o CMakeFiles/cmTC_d23be.dir/CheckFunctionExists.c.o   -c /usr/share/cmake-3.10/Modules/CheckFunctionExists.c
Linking C executable cmTC_d23be
/usr/bin/cmake -E cmake_link_script CMakeFiles/cmTC_d23be.dir/link.txt --verbose=1
/usr/bin/cc  -DCHECK_FUNCTION_EXISTS=pthread_create    -rdynamic CMakeFiles/cmTC_d23be.dir/CheckFunctionExists.c.o  -o cmTC_d23be -lpthreads 
/usr/bin/ld: cannot find -lpthreads
collect2: error: ld returned 1 exit status
CMakeFiles/cmTC_d23be.dir/build.make:97: recipe for target 'cmTC_d23be' failed
make[1]: *** [cmTC_d23be] Error 1
make[1]: Leaving directory '/home/martin/catkin_ws/build/CMakeFiles/CMakeTmp'
Makefile:126: recipe for target 'cmTC_d23be/fast' failed
make: *** [cmTC_d23be/fast] Error 2


